<?xml version="1.0" encoding="UTF-8"?>
<!-- Generated by org.testng.reporters.JUnitReportReporter -->
<testsuite hostname="LAPTOP-G7E9IMHO" failures="0" tests="1" name="useforjenkins.loginfacebook" time="8.056" errors="0" timestamp="2024-08-16T09:47:12 IST" skipped="0">
  <testcase classname="useforjenkins.loginfacebook" name="login" time="8.056"/>
</testsuite> <!-- useforjenkins.loginfacebook -->
