<?xml version="1.0" encoding="UTF-8"?>
<!-- Generated by org.testng.reporters.JUnitReportReporter -->
<testsuite hostname="LAPTOP-G7E9IMHO" failures="0" tests="1" name="useforjenkins.loginTest" time="72.812" errors="0" timestamp="2024-08-16T10:08:18 IST" skipped="0">
  <testcase classname="useforjenkins.loginTest" name="login" time="72.812"/>
</testsuite> <!-- useforjenkins.loginTest -->
